4c504ba084be0584583f4d327b08ceb18e49a2b7-;-samoliveira-;-samuelmoliveira0@gmail.com-;-1559965222-;-samoliveira-;-samuelmoliveira0@gmail.com-;-1559965222-;-arquivo-com-dados-adicionais-atraves-do-script-additional_info.py
aedd5b3da8f9dbdfcbf105907a4e0d283c5c53dd-;-samoliveira-;-samuelmoliveira0@gmail.com-;-1559935252-;-samoliveira-;-samuelmoliveira0@gmail.com-;-1559935252-;-suporte-para-analises-adicionais
00103c8bf7e3c4c6951640ac2526b6cc63eafe6e-;-jonatascavalcante-;-jonatascavalcante777@gmail.com-;-1559688596-;-jonatascavalcante-;-jonatascavalcante777@gmail.com-;-1559688596-;-monte-de-merda
63acd274020bd21313c149b0d057db0b574aad51-;-Guilherme Avelino-;-gavelino@gmail.com-;-1545054870-;-GitHub-;-noreply@github.com-;-1545054870-;-Merge-pull-request-13-from-lkwg82-patch-1
2b2f73cfc6f08436a0794f690e0e9fcd8806be7d-;-Lars K.W. Gohlke-;-lkwg82@gmx.de-;-1544865439-;-GitHub-;-noreply@github.com-;-1544865439-;-fix-path
7fa8f72ad9a582f02b6e3a1ce82e57d9b5525af3-;-Guilherme Avelino-;-gavelino@gmail.com-;-1544120969-;-GitHub-;-noreply@github.com-;-1544120969-;-changes-jar-file-name-in-the-tool-execution-example
9aeb2b57ae75723f29e92722a25aef79c0d0c862-;-Guilherme Avelino-;-gavelino@gmail.com-;-1544120752-;-Guilherme Avelino-;-gavelino@gmail.com-;-1544120752-;-change-artifactId-info
e0e9a598b52d3d619de485fffa51b206c6ad8d67-;-Guilherme Avelino-;-gavelino@gmail.com-;-1544120469-;-GitHub-;-noreply@github.com-;-1544120469-;-Merge-pull-request-12-from-cbaenziger-master
5cd064a8b8fe73f02264c1712cdbb51c86b835c7-;-Clay Baenziger-;-cwb@clayb.net-;-1538703001-;-Clay Baenziger-;-cwb@clayb.net-;-1542989453-;-Update-POM-to-build-necessary-Java-JAR
097bcf3b04b5d0941338cee204b5c4f6748e2fba-;-Guilherme Avelino-;-gavelino@gmail.com-;-1523537057-;-GitHub-;-noreply@github.com-;-1523537057-;-minor
c5ea573bbd15de6c3fcd6113348cf4e0a4f828dc-;-Guilherme Avelino-;-gavelino@gmail.com-;-1523535086-;-GitHub-;-noreply@github.com-;-1523535086-;-Update-README.md
e73dbf404e1242606ad38c06ffcd589f6ceb6b8f-;-Guilherme Avelino-;-gavelino@gmail.com-;-1523469709-;-Guilherme Avelino-;-gavelino@gmail.com-;-1523469709-;-Add-pruned-TF-algorithm
b39d5d70a87822c890ebc751ed2e681a8b4b790c-;-Guilherme Avelino-;-gavelino@gmail.com-;-1523457546-;-Guilherme Avelino-;-gavelino@gmail.com-;-1523457546-;-Improve-commit-log-process-change-separation-character-and-add
4356d5c0aa3a2d0f519ab8a789eef8dedbf88328-;-Guilherme Avelino-;-gavelino@gmail.com-;-1523456265-;-Guilherme Avelino-;-gavelino@gmail.com-;-1523456265-;-Fix-print-layout
8d69d38fd45dbb20fecf4360a908edd33a81bd54-;-Guilherme Avelino-;-gavelino@users.noreply.github.com-;-1503926562-;-GitHub-;-noreply@github.com-;-1503926562-;-Fix-format-problems
8d8e6bdf35a36d03f35843084e8b3b3b94f2a880-;-Marco Tulio Valente-;-mtov@users.noreply.github.com-;-1502999095-;-GitHub-;-noreply@github.com-;-1502999095-;-Update-README.md
690435cf68202252ee4addca659173c030240a42-;-Marco Tulio Valente-;-mtov@users.noreply.github.com-;-1502039162-;-GitHub-;-noreply@github.com-;-1502039162-;-Example-of-TF-results
2558c88e56061f71bfbb70e2ed2896f8b1242956-;-Marco Tulio Valente-;-mtov@users.noreply.github.com-;-1502038842-;-GitHub-;-noreply@github.com-;-1502038842-;-Minor
bd0d8ca061da52cdb6aa6a8dd3d70854123eb76d-;-Marco Tulio Valente-;-mtov@users.noreply.github.com-;-1502038811-;-GitHub-;-noreply@github.com-;-1502038811-;-Minor-changes-in-content
862131b01e83ae5573b63cdf553b586dd4742984-;-Marco Tulio Valente-;-mtov@users.noreply.github.com-;-1502038646-;-GitHub-;-noreply@github.com-;-1502038646-;-Just-markdown-layout-changes
e5dc004a5372d677a33b71af5e56366d27f3546a-;-Marco Tulio Valente-;-mtov@users.noreply.github.com-;-1501865597-;-GitHub-;-noreply@github.com-;-1501865597-;-Just-added-reference-to-ICPC-paper
615608f81597da76472b2c1c25b83cf3220ed0ba-;-Marco Tulio Valente-;-mtov@users.noreply.github.com-;-1501789765-;-GitHub-;-noreply@github.com-;-1501789765-;-Create-LICENSE
0203ec8c3e6d0bd1573d13798c11e2eaba1f991f-;-Marco Tulio Valente-;-mtov@users.noreply.github.com-;-1501789640-;-GitHub-;-noreply@github.com-;-1501789640-;-Delete-LICENSE
1ffdd78440e7567e008bbc355e54d59c02792611-;-Guilherme Avelino-;-gavelino@users.noreply.github.com-;-1461686198-;-Guilherme Avelino-;-gavelino@users.noreply.github.com-;-1461686198-;-minor
df47942f250c7fb9d53116f2b85606da2e79e7b4-;-Guilherme Avelino-;-gavelino@gmail.com-;-1460564963-;-Guilherme Avelino-;-gavelino@gmail.com-;-1460564963-;-Changes-to-execute-in-Java-1.6-version
b4e8cd8fd07b70d93f93836926a69ea8f08216cc-;-Guilherme Avelino-;-gavelino@users.noreply.github.com-;-1460553179-;-Guilherme Avelino-;-gavelino@users.noreply.github.com-;-1460553179-;-Merge-pull-request-7-from-gavelino-master
739ea51c4205efd7bd737dbcf4a6d67c05371f27-;-Guilherme Avelino-;-gavelino@gmail.com-;-1460491958-;-Guilherme Avelino-;-gavelino@gmail.com-;-1460491958-;-Refactor-Truck-Factor-method-and-add-new-class-with-TF-information
8104e002ef6c7c21a2312e30a385e8bedd3b2649-;-Guilherme Avelino-;-gavelino@users.noreply.github.com-;-1460151897-;-Guilherme Avelino-;-gavelino@users.noreply.github.com-;-1460151897-;-Merge-pull-request-6-from-gavelino-master
6515a56d05609d1743a7aa4b1fac5b34586929bd-;-Guilherme Avelino-;-gavelino@gmail.com-;-1460151768-;-Guilherme Avelino-;-gavelino@gmail.com-;-1460151768-;-Clean-input-files
95a979a16fd018123047b54447b1b2f215ca9fcd-;-Guilherme Avelino-;-gavelino@gmail.com-;-1460059107-;-Guilherme Avelino-;-gavelino@gmail.com-;-1460059107-;-minor
e5ad621772e6db6b6f3ee20ff6930498d975d634-;-Guilherme Avelino-;-gavelino@gmail.com-;-1460057224-;-Guilherme Avelino-;-gavelino@gmail.com-;-1460057224-;-Refactor-of-TF-algorithm-code-simplification-and-documentation
9d317bd2c949bf10bbd05addd020e102832c2625-;-Guilherme Avelino-;-gavelino@gmail.com-;-1459878455-;-Guilherme Avelino-;-gavelino@gmail.com-;-1459878455-;-Refactoring-add-a-config-file-to-set-the-approach-thresholds
fce70bd4e54cd0f15164c3bc7ef0299d90f9fdc7-;-Guilherme Avelino-;-gavelino@gmail.com-;-1459872459-;-Guilherme Avelino-;-gavelino@gmail.com-;-1459872459-;-Refactoring-remove-unused-imports-and-code
0a3cf363514965258562c6490032698f9ece62c3-;-Guilherme Avelino-;-gavelino@users.noreply.github.com-;-1456344735-;-Guilherme Avelino-;-gavelino@users.noreply.github.com-;-1456344735-;-better-placeholder-for-sanitized-subject-line
fe781ff50cc85f7da22503c9393a4a350b6d023c-;-Guilherme Avelino-;-gavelino@gmail.com-;-1442219098-;-Guilherme Avelino-;-gavelino@gmail.com-;-1442219098-;-Merge-branch-master-of-https-github.com-mtov-Truck-Factor.git
84e7fe60af55d895384ce11475f7f74688b2cdf7-;-Guilherme Avelino-;-gavelino@gmail.com-;-1442218797-;-Guilherme Avelino-;-gavelino@gmail.com-;-1442218797-;-Remove-unused-imports
49753d3ed78e3d3c0c8416cf181dff62e9b8b708-;-Guilherme Avelino-;-gavelino@users.noreply.github.com-;-1442081935-;-Guilherme Avelino-;-gavelino@users.noreply.github.com-;-1442081935-;-Update-README.md
bae2ba8dfe7b3ab6603873dcbb476bec41b08e2b-;-Guilherme Avelino-;-gavelino@gmail.com-;-1442005212-;-Guilherme Avelino-;-gavelino@gmail.com-;-1442005212-;-FIX-CR-LF-problem-when-reading-repo_info-files
2b41ea163e07a3618a821ba14b8459b44539268e-;-Guilherme Avelino-;-gavelino@gmail.com-;-1441903726-;-Guilherme Avelino-;-gavelino@gmail.com-;-1441903726-;-Update-repo_info-readers-and-treat-null-pointer-exception-in-TF
d16035b7a16cf7a0d6d9af2bae60a69fb8d1bbe9-;-Guilherme Avelino-;-gavelino@gmail.com-;-1441404869-;-Guilherme Avelino-;-gavelino@gmail.com-;-1441404869-;-Fix-log4j-problem-and-clear-repo_info-files
14ade0a674a6699857328e9b43c4bea7ea249678-;-Guilherme Avelino-;-gavelino@gmail.com-;-1441396467-;-Guilherme Avelino-;-gavelino@gmail.com-;-1441396467-;-Config-to-use-Java-1.6
8bfea4054e1a9003bcb55a35ac06b8effb6feecd-;-Guilherme Avelino-;-gavelino@gmail.com-;-1441294997-;-Guilherme Avelino-;-gavelino@gmail.com-;-1441294997-;-Improve-exception-handling
b5c1cea4a5ac33e465c53b93c0b2b19276abb1dc-;-Guilherme Avelino-;-gavelino@gmail.com-;-1441288829-;-Guilherme Avelino-;-gavelino@gmail.com-;-1441288829-;-Fix-result-presentation
96996deeeed379e008e5af6571ba141b325586ce-;-Guilherme Avelino-;-gavelino@gmail.com-;-1441284548-;-Guilherme Avelino-;-gavelino@gmail.com-;-1441284548-;-Library-cleanup
3d3cd587372ca8c27b80176288113d44f0ee73cf-;-Guilherme Avelino-;-gavelino@gmail.com-;-1441046973-;-Guilherme Avelino-;-gavelino@gmail.com-;-1441046973-;-Add-Log4j
741544b1c717921365aa496b4d763a00943fd8cb-;-Guilherme Avelino-;-gavelino@gmail.com-;-1440809455-;-Guilherme Avelino-;-gavelino@gmail.com-;-1440809455-;-Add-tool-source-code-first-commit
8b34f7e8cbae3bc9944b589b87eec05d3592327e-;-Marco Tulio Valente-;-mtov@users.noreply.github.com-;-1436796458-;-Marco Tulio Valente-;-mtov@users.noreply.github.com-;-1436796458-;-Update-README.md
ef561cffdba6e77c7c260829740a1d2ce000d5d9-;-Marco Tulio Valente-;-mtov@users.noreply.github.com-;-1436631140-;-Marco Tulio Valente-;-mtov@users.noreply.github.com-;-1436631140-;-Initial-commit