4c504ba084be0584583f4d327b08ceb18e49a2b7;MODIFIED; ;gittruckfactor/.gitignore
4c504ba084be0584583f4d327b08ceb18e49a2b7;MODIFIED; ;gittruckfactor/additional_info.py
aedd5b3da8f9dbdfcbf105907a4e0d283c5c53dd;MODIFIED; ;gittruckfactor/.gitignore
aedd5b3da8f9dbdfcbf105907a4e0d283c5c53dd;ADDED; ;gittruckfactor/additional_info.py
aedd5b3da8f9dbdfcbf105907a4e0d283c5c53dd;ADDED; ;gittruckfactor/commitfileinfo.log
aedd5b3da8f9dbdfcbf105907a4e0d283c5c53dd;ADDED; ;gittruckfactor/commitinfo.log
aedd5b3da8f9dbdfcbf105907a4e0d283c5c53dd;ADDED; ;gittruckfactor/filelist.log
aedd5b3da8f9dbdfcbf105907a4e0d283c5c53dd;ADDED; ;gittruckfactor/log.awk
aedd5b3da8f9dbdfcbf105907a4e0d283c5c53dd;MODIFIED; ;gittruckfactor/scripts/commit_log_script.sh
aedd5b3da8f9dbdfcbf105907a4e0d283c5c53dd;MODIFIED; ;gittruckfactor/src/aserg/gtf/model/LogCommitFileInfo.java
aedd5b3da8f9dbdfcbf105907a4e0d283c5c53dd;MODIFIED; ;gittruckfactor/src/aserg/gtf/task/extractor/GitLogExtractor.java
aedd5b3da8f9dbdfcbf105907a4e0d283c5c53dd;MODIFIED; ;gittruckfactor/target/gittruckfactor-1.0.jar
aedd5b3da8f9dbdfcbf105907a4e0d283c5c53dd;MODIFIED; ;gittruckfactor/target/maven-archiver/pom.properties
aedd5b3da8f9dbdfcbf105907a4e0d283c5c53dd;MODIFIED; ;gittruckfactor/target/maven-status/maven-compiler-plugin/compile/default-compile/createdFiles.lst
aedd5b3da8f9dbdfcbf105907a4e0d283c5c53dd;MODIFIED; ;gittruckfactor/target/maven-status/maven-compiler-plugin/compile/default-compile/inputFiles.lst
00103c8bf7e3c4c6951640ac2526b6cc63eafe6e;MODIFIED; ;gittruckfactor/.gitignore
00103c8bf7e3c4c6951640ac2526b6cc63eafe6e;ADDED; ;gittruckfactor/gittruckfactor.iml
00103c8bf7e3c4c6951640ac2526b6cc63eafe6e;ADDED; ;gittruckfactor/target/__MACOSX/truckfactor-tool/._.DS_Store
00103c8bf7e3c4c6951640ac2526b6cc63eafe6e;ADDED; ;gittruckfactor/target/__MACOSX/truckfactor-tool/._commit_log_script.sh
00103c8bf7e3c4c6951640ac2526b6cc63eafe6e;ADDED; ;gittruckfactor/target/__MACOSX/truckfactor-tool/._config.properties
00103c8bf7e3c4c6951640ac2526b6cc63eafe6e;ADDED; ;gittruckfactor/target/__MACOSX/truckfactor-tool/._linguist.rb
00103c8bf7e3c4c6951640ac2526b6cc63eafe6e;ADDED; ;gittruckfactor/target/__MACOSX/truckfactor-tool/._linguist_script.sh
00103c8bf7e3c4c6951640ac2526b6cc63eafe6e;ADDED; ;gittruckfactor/target/__MACOSX/truckfactor-tool/._log.awk
00103c8bf7e3c4c6951640ac2526b6cc63eafe6e;ADDED; ;gittruckfactor/target/__MACOSX/truckfactor-tool/._repo_info
00103c8bf7e3c4c6951640ac2526b6cc63eafe6e;ADDED; ;gittruckfactor/target/__MACOSX/truckfactor-tool/repo_info/._alias.txt
00103c8bf7e3c4c6951640ac2526b6cc63eafe6e;ADDED; ;gittruckfactor/target/__MACOSX/truckfactor-tool/repo_info/._filtered-files.txt
00103c8bf7e3c4c6951640ac2526b6cc63eafe6e;ADDED; ;gittruckfactor/target/__MACOSX/truckfactor-tool/repo_info/._modules.txt
00103c8bf7e3c4c6951640ac2526b6cc63eafe6e;ADDED; ;gittruckfactor/target/classes/aserg/gtf/GitTruckFactor.class
00103c8bf7e3c4c6951640ac2526b6cc63eafe6e;ADDED; ;gittruckfactor/target/classes/aserg/gtf/GitTruckFactorRepList.class
00103c8bf7e3c4c6951640ac2526b6cc63eafe6e;ADDED; ;gittruckfactor/target/classes/aserg/gtf/dao/CommitFileDAO.class
00103c8bf7e3c4c6951640ac2526b6cc63eafe6e;ADDED; ;gittruckfactor/target/classes/aserg/gtf/dao/CommitInfoDAO.class
00103c8bf7e3c4c6951640ac2526b6cc63eafe6e;ADDED; ;gittruckfactor/target/classes/aserg/gtf/dao/GenericDAO.class
00103c8bf7e3c4c6951640ac2526b6cc63eafe6e;ADDED; ;gittruckfactor/target/classes/aserg/gtf/dao/GitRepositoryDAO.class
00103c8bf7e3c4c6951640ac2526b6cc63eafe6e;ADDED; ;gittruckfactor/target/classes/aserg/gtf/dao/LogCommitDAO.class
00103c8bf7e3c4c6951640ac2526b6cc63eafe6e;ADDED; ;gittruckfactor/target/classes/aserg/gtf/dao/LogCommitFileDAO.class
00103c8bf7e3c4c6951640ac2526b6cc63eafe6e;ADDED; ;gittruckfactor/target/classes/aserg/gtf/dao/NewFileInfoDAO.class
00103c8bf7e3c4c6951640ac2526b6cc63eafe6e;ADDED; ;gittruckfactor/target/classes/aserg/gtf/dao/PersistThread.class
00103c8bf7e3c4c6951640ac2526b6cc63eafe6e;ADDED; ;gittruckfactor/target/classes/aserg/gtf/dao/ProjectInfoDAO.class
00103c8bf7e3c4c6951640ac2526b6cc63eafe6e;ADDED; ;gittruckfactor/target/classes/aserg/gtf/dao/authorship/AuthorshipInfoDAO.class
00103c8bf7e3c4c6951640ac2526b6cc63eafe6e;ADDED; ;gittruckfactor/target/classes/aserg/gtf/dao/authorship/DeveloperAuthorshipInfoDAO.class
00103c8bf7e3c4c6951640ac2526b6cc63eafe6e;ADDED; ;gittruckfactor/target/classes/aserg/gtf/dao/authorship/DeveloperDAO.class
00103c8bf7e3c4c6951640ac2526b6cc63eafe6e;ADDED; ;gittruckfactor/target/classes/aserg/gtf/dao/authorship/FileDAO.class
00103c8bf7e3c4c6951640ac2526b6cc63eafe6e;ADDED; ;gittruckfactor/target/classes/aserg/gtf/dao/authorship/RepositoryDAO.class
00103c8bf7e3c4c6951640ac2526b6cc63eafe6e;ADDED; ;gittruckfactor/target/classes/aserg/gtf/model/AbstractEntity.class
00103c8bf7e3c4c6951640ac2526b6cc63eafe6e;ADDED; ;gittruckfactor/target/classes/aserg/gtf/model/CommitFileInfo.class
00103c8bf7e3c4c6951640ac2526b6cc63eafe6e;ADDED; ;gittruckfactor/target/classes/aserg/gtf/model/CommitInfo.class
00103c8bf7e3c4c6951640ac2526b6cc63eafe6e;ADDED; ;gittruckfactor/target/classes/aserg/gtf/model/FileType.class
00103c8bf7e3c4c6951640ac2526b6cc63eafe6e;ADDED; ;gittruckfactor/target/classes/aserg/gtf/model/GitRepository.class
00103c8bf7e3c4c6951640ac2526b6cc63eafe6e;ADDED; ;gittruckfactor/target/classes/aserg/gtf/model/LanguageInfo.class
00103c8bf7e3c4c6951640ac2526b6cc63eafe6e;ADDED; ;gittruckfactor/target/classes/aserg/gtf/model/LogCommitFileInfo.class
00103c8bf7e3c4c6951640ac2526b6cc63eafe6e;ADDED; ;gittruckfactor/target/classes/aserg/gtf/model/LogCommitInfo.class
00103c8bf7e3c4c6951640ac2526b6cc63eafe6e;ADDED; ;gittruckfactor/target/classes/aserg/gtf/model/NewFileInfo.class
00103c8bf7e3c4c6951640ac2526b6cc63eafe6e;ADDED; ;gittruckfactor/target/classes/aserg/gtf/model/ProjectInfo.class
00103c8bf7e3c4c6951640ac2526b6cc63eafe6e;ADDED; ;gittruckfactor/target/classes/aserg/gtf/model/ProjectStatus.class
00103c8bf7e3c4c6951640ac2526b6cc63eafe6e;ADDED; ;gittruckfactor/target/classes/aserg/gtf/model/Status.class
00103c8bf7e3c4c6951640ac2526b6cc63eafe6e;ADDED; ;gittruckfactor/target/classes/aserg/gtf/model/authorship/AuthorshipInfo.class
00103c8bf7e3c4c6951640ac2526b6cc63eafe6e;ADDED; ;gittruckfactor/target/classes/aserg/gtf/model/authorship/DevStatus.class
00103c8bf7e3c4c6951640ac2526b6cc63eafe6e;ADDED; ;gittruckfactor/target/classes/aserg/gtf/model/authorship/Developer.class
00103c8bf7e3c4c6951640ac2526b6cc63eafe6e;ADDED; ;gittruckfactor/target/classes/aserg/gtf/model/authorship/DeveloperAuthorshipInfo.class
00103c8bf7e3c4c6951640ac2526b6cc63eafe6e;ADDED; ;gittruckfactor/target/classes/aserg/gtf/model/authorship/File.class
00103c8bf7e3c4c6951640ac2526b6cc63eafe6e;ADDED; ;gittruckfactor/target/classes/aserg/gtf/model/authorship/FileAuthors.class
00103c8bf7e3c4c6951640ac2526b6cc63eafe6e;ADDED; ;gittruckfactor/target/classes/aserg/gtf/model/authorship/Repository.class
00103c8bf7e3c4c6951640ac2526b6cc63eafe6e;ADDED; ;gittruckfactor/target/classes/aserg/gtf/model/authorship/RepositoryStatus.class
00103c8bf7e3c4c6951640ac2526b6cc63eafe6e;ADDED; ;gittruckfactor/target/classes/aserg/gtf/task/AbstractTask.class
00103c8bf7e3c4c6951640ac2526b6cc63eafe6e;ADDED; ;gittruckfactor/target/classes/aserg/gtf/task/AliasHandler$DevIdentification.class
00103c8bf7e3c4c6951640ac2526b6cc63eafe6e;ADDED; ;gittruckfactor/target/classes/aserg/gtf/task/AliasHandler.class
00103c8bf7e3c4c6951640ac2526b6cc63eafe6e;ADDED; ;gittruckfactor/target/classes/aserg/gtf/task/DOACalculator.class
00103c8bf7e3c4c6951640ac2526b6cc63eafe6e;ADDED; ;gittruckfactor/target/classes/aserg/gtf/task/NewAliasHandler$DevIdentification.class
00103c8bf7e3c4c6951640ac2526b6cc63eafe6e;ADDED; ;gittruckfactor/target/classes/aserg/gtf/task/NewAliasHandler.class
00103c8bf7e3c4c6951640ac2526b6cc63eafe6e;ADDED; ;gittruckfactor/target/classes/aserg/gtf/task/extractor/FileInfoExtractor.class
00103c8bf7e3c4c6951640ac2526b6cc63eafe6e;ADDED; ;gittruckfactor/target/classes/aserg/gtf/task/extractor/GitLogExtractor.class
00103c8bf7e3c4c6951640ac2526b6cc63eafe6e;ADDED; ;gittruckfactor/target/classes/aserg/gtf/task/extractor/LinguistExtractor.class
00103c8bf7e3c4c6951640ac2526b6cc63eafe6e;ADDED; ;gittruckfactor/target/classes/aserg/gtf/truckfactor/GreedyTruckFactor.class
00103c8bf7e3c4c6951640ac2526b6cc63eafe6e;ADDED; ;gittruckfactor/target/classes/aserg/gtf/truckfactor/PrunedGreedyTruckFactor.class
00103c8bf7e3c4c6951640ac2526b6cc63eafe6e;ADDED; ;gittruckfactor/target/classes/aserg/gtf/truckfactor/TFInfo.class
00103c8bf7e3c4c6951640ac2526b6cc63eafe6e;ADDED; ;gittruckfactor/target/classes/aserg/gtf/truckfactor/TruckFactor.class
00103c8bf7e3c4c6951640ac2526b6cc63eafe6e;ADDED; ;gittruckfactor/target/classes/aserg/gtf/util/Alias.class
00103c8bf7e3c4c6951640ac2526b6cc63eafe6e;ADDED; ;gittruckfactor/target/classes/aserg/gtf/util/AliasesIdentifier.class
00103c8bf7e3c4c6951640ac2526b6cc63eafe6e;ADDED; ;gittruckfactor/target/classes/aserg/gtf/util/CRLFLineReader.class
00103c8bf7e3c4c6951640ac2526b6cc63eafe6e;ADDED; ;gittruckfactor/target/classes/aserg/gtf/util/ConfigInfo.class
00103c8bf7e3c4c6951640ac2526b6cc63eafe6e;ADDED; ;gittruckfactor/target/classes/aserg/gtf/util/Directory.class
00103c8bf7e3c4c6951640ac2526b6cc63eafe6e;ADDED; ;gittruckfactor/target/classes/aserg/gtf/util/FileDirectory.class
00103c8bf7e3c4c6951640ac2526b6cc63eafe6e;ADDED; ;gittruckfactor/target/classes/aserg/gtf/util/FileInfoReader.class
00103c8bf7e3c4c6951640ac2526b6cc63eafe6e;ADDED; ;gittruckfactor/target/classes/aserg/gtf/util/FormatDoaDistribution.class
00103c8bf7e3c4c6951640ac2526b6cc63eafe6e;ADDED; ;gittruckfactor/target/classes/aserg/gtf/util/LineInfo.class
00103c8bf7e3c4c6951640ac2526b6cc63eafe6e;ADDED; ;gittruckfactor/target/gittruckfactor-1.0.jar
00103c8bf7e3c4c6951640ac2526b6cc63eafe6e;ADDED; ;gittruckfactor/target/lib/antlr-runtime-3.5.2.jar
00103c8bf7e3c4c6951640ac2526b6cc63eafe6e;ADDED; ;gittruckfactor/target/lib/aspectjrt-1.8.4.jar
00103c8bf7e3c4c6951640ac2526b6cc63eafe6e;ADDED; ;gittruckfactor/target/lib/commonj.sdo-2.1.1.jar
00103c8bf7e3c4c6951640ac2526b6cc63eafe6e;ADDED; ;gittruckfactor/target/lib/commons-codec-1.6.jar
00103c8bf7e3c4c6951640ac2526b6cc63eafe6e;ADDED; ;gittruckfactor/target/lib/commons-io-2.4.jar
00103c8bf7e3c4c6951640ac2526b6cc63eafe6e;ADDED; ;gittruckfactor/target/lib/commons-lang3-3.3.2.jar
00103c8bf7e3c4c6951640ac2526b6cc63eafe6e;ADDED; ;gittruckfactor/target/lib/commons-logging-1.1.3.jar
00103c8bf7e3c4c6951640ac2526b6cc63eafe6e;ADDED; ;gittruckfactor/target/lib/eclipselink-2.5.2.jar
00103c8bf7e3c4c6951640ac2526b6cc63eafe6e;ADDED; ;gittruckfactor/target/lib/guava-18.0.jar
00103c8bf7e3c4c6951640ac2526b6cc63eafe6e;ADDED; ;gittruckfactor/target/lib/hamcrest-core-1.3.jar
00103c8bf7e3c4c6951640ac2526b6cc63eafe6e;ADDED; ;gittruckfactor/target/lib/hamcrest-library-1.3.jar
00103c8bf7e3c4c6951640ac2526b6cc63eafe6e;ADDED; ;gittruckfactor/target/lib/httpclient-4.3.jar
00103c8bf7e3c4c6951640ac2526b6cc63eafe6e;ADDED; ;gittruckfactor/target/lib/httpcore-4.3.jar
00103c8bf7e3c4c6951640ac2526b6cc63eafe6e;ADDED; ;gittruckfactor/target/lib/javax.json-1.0.4.jar
00103c8bf7e3c4c6951640ac2526b6cc63eafe6e;ADDED; ;gittruckfactor/target/lib/javax.persistence-2.1.0.jar
00103c8bf7e3c4c6951640ac2526b6cc63eafe6e;ADDED; ;gittruckfactor/target/lib/jcabi-aspects-0.20.1.jar
00103c8bf7e3c4c6951640ac2526b6cc63eafe6e;ADDED; ;gittruckfactor/target/lib/jcabi-github-0.23.jar
00103c8bf7e3c4c6951640ac2526b6cc63eafe6e;ADDED; ;gittruckfactor/target/lib/jcabi-http-1.10.2.jar
00103c8bf7e3c4c6951640ac2526b6cc63eafe6e;ADDED; ;gittruckfactor/target/lib/jcabi-immutable-1.3.jar
00103c8bf7e3c4c6951640ac2526b6cc63eafe6e;ADDED; ;gittruckfactor/target/lib/jcabi-log-0.16.jar
00103c8bf7e3c4c6951640ac2526b6cc63eafe6e;ADDED; ;gittruckfactor/target/lib/jcabi-manifests-1.1.jar
00103c8bf7e3c4c6951640ac2526b6cc63eafe6e;ADDED; ;gittruckfactor/target/lib/jcabi-xml-0.13.jar
00103c8bf7e3c4c6951640ac2526b6cc63eafe6e;ADDED; ;gittruckfactor/target/lib/jersey-client-1.18.1.jar
00103c8bf7e3c4c6951640ac2526b6cc63eafe6e;ADDED; ;gittruckfactor/target/lib/jersey-core-1.18.1.jar
00103c8bf7e3c4c6951640ac2526b6cc63eafe6e;ADDED; ;gittruckfactor/target/lib/jsch-0.1.44-1.jar
00103c8bf7e3c4c6951640ac2526b6cc63eafe6e;ADDED; ;gittruckfactor/target/lib/junit-3.8.1.jar
00103c8bf7e3c4c6951640ac2526b6cc63eafe6e;ADDED; ;gittruckfactor/target/lib/log4j-1.2.17.jar
00103c8bf7e3c4c6951640ac2526b6cc63eafe6e;ADDED; ;gittruckfactor/target/lib/mysql-connector-java-5.1.32.jar
00103c8bf7e3c4c6951640ac2526b6cc63eafe6e;ADDED; ;gittruckfactor/target/lib/org.eclipse.jgit-1.3.0.201202151440-r.jar
00103c8bf7e3c4c6951640ac2526b6cc63eafe6e;ADDED; ;gittruckfactor/target/lib/postgresql-9.3-1100-jdbc41.jar
00103c8bf7e3c4c6951640ac2526b6cc63eafe6e;ADDED; ;gittruckfactor/target/lib/slf4j-api-1.7.5.jar
00103c8bf7e3c4c6951640ac2526b6cc63eafe6e;ADDED; ;gittruckfactor/target/lib/validation-api-1.1.0.Final.jar
00103c8bf7e3c4c6951640ac2526b6cc63eafe6e;ADDED; ;gittruckfactor/target/lib/xembly-0.19.1.jar
00103c8bf7e3c4c6951640ac2526b6cc63eafe6e;ADDED; ;gittruckfactor/target/maven-archiver/pom.properties
00103c8bf7e3c4c6951640ac2526b6cc63eafe6e;ADDED; ;gittruckfactor/target/maven-status/maven-compiler-plugin/compile/default-compile/createdFiles.lst
00103c8bf7e3c4c6951640ac2526b6cc63eafe6e;ADDED; ;gittruckfactor/target/maven-status/maven-compiler-plugin/compile/default-compile/inputFiles.lst
2b2f73cfc6f08436a0794f690e0e9fcd8806be7d;MODIFIED; ;README.md
7fa8f72ad9a582f02b6e3a1ce82e57d9b5525af3;MODIFIED; ;README.md
9aeb2b57ae75723f29e92722a25aef79c0d0c862;MODIFIED; ;gittruckfactor/pom.xml
5cd064a8b8fe73f02264c1712cdbb51c86b835c7;MODIFIED; ;README.md
5cd064a8b8fe73f02264c1712cdbb51c86b835c7;MODIFIED; ;gittruckfactor/pom.xml
097bcf3b04b5d0941338cee204b5c4f6748e2fba;MODIFIED; ;README.md
c5ea573bbd15de6c3fcd6113348cf4e0a4f828dc;MODIFIED; ;README.md
e73dbf404e1242606ad38c06ffcd589f6ceb6b8f;MODIFIED; ;gittruckfactor/config.properties
e73dbf404e1242606ad38c06ffcd589f6ceb6b8f;MODIFIED; ;gittruckfactor/src/aserg/gtf/GitTruckFactor.java
e73dbf404e1242606ad38c06ffcd589f6ceb6b8f;MODIFIED; ;gittruckfactor/src/aserg/gtf/model/authorship/Developer.java
e73dbf404e1242606ad38c06ffcd589f6ceb6b8f;ADDED; ;gittruckfactor/src/aserg/gtf/truckfactor/PrunedGreedyTruckFactor.java
e73dbf404e1242606ad38c06ffcd589f6ceb6b8f;MODIFIED; ;gittruckfactor/src/aserg/gtf/util/ConfigInfo.java
b39d5d70a87822c890ebc751ed2e681a8b4b790c;MODIFIED; ;gittruckfactor/scripts/commit_log_script.sh
b39d5d70a87822c890ebc751ed2e681a8b4b790c;MODIFIED; ;gittruckfactor/src/aserg/gtf/task/extractor/GitLogExtractor.java
4356d5c0aa3a2d0f519ab8a789eef8dedbf88328;MODIFIED; ;gittruckfactor/src/aserg/gtf/GitTruckFactor.java
4356d5c0aa3a2d0f519ab8a789eef8dedbf88328;MODIFIED; ;gittruckfactor/src/aserg/gtf/truckfactor/TFInfo.java
8d69d38fd45dbb20fecf4360a908edd33a81bd54;MODIFIED; ;README.md
8d8e6bdf35a36d03f35843084e8b3b3b94f2a880;MODIFIED; ;README.md
690435cf68202252ee4addca659173c030240a42;MODIFIED; ;README.md
2558c88e56061f71bfbb70e2ed2896f8b1242956;MODIFIED; ;README.md
bd0d8ca061da52cdb6aa6a8dd3d70854123eb76d;MODIFIED; ;README.md
862131b01e83ae5573b63cdf553b586dd4742984;MODIFIED; ;README.md
e5dc004a5372d677a33b71af5e56366d27f3546a;MODIFIED; ;README.md
615608f81597da76472b2c1c25b83cf3220ed0ba;ADDED; ;LICENSE
1ffdd78440e7567e008bbc355e54d59c02792611;MODIFIED; ;README.md
df47942f250c7fb9d53116f2b85606da2e79e7b4;MODIFIED; ;gittruckfactor/src/aserg/gtf/GitTruckFactor.java
df47942f250c7fb9d53116f2b85606da2e79e7b4;MODIFIED; ;gittruckfactor/src/aserg/gtf/dao/NewFileInfoDAO.java
df47942f250c7fb9d53116f2b85606da2e79e7b4;MODIFIED; ;gittruckfactor/src/aserg/gtf/model/ProjectInfo.java
739ea51c4205efd7bd737dbcf4a6d67c05371f27;MODIFIED; ;gittruckfactor/src/aserg/gtf/GitTruckFactor.java
739ea51c4205efd7bd737dbcf4a6d67c05371f27;MODIFIED; ;gittruckfactor/src/aserg/gtf/GitTruckFactorRepList.java
739ea51c4205efd7bd737dbcf4a6d67c05371f27;MODIFIED; ;gittruckfactor/src/aserg/gtf/model/authorship/Developer.java
739ea51c4205efd7bd737dbcf4a6d67c05371f27;MODIFIED; ;gittruckfactor/src/aserg/gtf/task/DOACalculator.java
739ea51c4205efd7bd737dbcf4a6d67c05371f27;MODIFIED; ;gittruckfactor/src/aserg/gtf/truckfactor/GreedyTruckFactor.java
739ea51c4205efd7bd737dbcf4a6d67c05371f27;ADDED; ;gittruckfactor/src/aserg/gtf/truckfactor/TFInfo.java
739ea51c4205efd7bd737dbcf4a6d67c05371f27;MODIFIED; ;gittruckfactor/src/aserg/gtf/truckfactor/TruckFactor.java
6515a56d05609d1743a7aa4b1fac5b34586929bd;MODIFIED; ;gittruckfactor/repo_info/filtered-files.txt
95a979a16fd018123047b54447b1b2f215ca9fcd;MODIFIED; ;gittruckfactor/repo_info/alias.txt
e5ad621772e6db6b6f3ee20ff6930498d975d634;MODIFIED; ;gittruckfactor/src/aserg/gtf/GitTruckFactor.java
e5ad621772e6db6b6f3ee20ff6930498d975d634;MODIFIED; ;gittruckfactor/src/aserg/gtf/task/DOACalculator.java
e5ad621772e6db6b6f3ee20ff6930498d975d634;MODIFIED; ;gittruckfactor/src/aserg/gtf/truckfactor/GreedyTruckFactor.java
e5ad621772e6db6b6f3ee20ff6930498d975d634;MODIFIED; ;gittruckfactor/src/aserg/gtf/truckfactor/TruckFactor.java
9d317bd2c949bf10bbd05addd020e102832c2625;MODIFIED; ;gittruckfactor/bin/META-INF/persistence.xml
9d317bd2c949bf10bbd05addd020e102832c2625;ADDED; ;gittruckfactor/config.properties
9d317bd2c949bf10bbd05addd020e102832c2625;MODIFIED; ;gittruckfactor/src/aserg/gtf/GitTruckFactor.java
9d317bd2c949bf10bbd05addd020e102832c2625;MODIFIED; ;gittruckfactor/src/aserg/gtf/model/authorship/AuthorshipInfo.java
9d317bd2c949bf10bbd05addd020e102832c2625;MODIFIED; ;gittruckfactor/src/aserg/gtf/task/DOACalculator.java
9d317bd2c949bf10bbd05addd020e102832c2625;MODIFIED; ;gittruckfactor/src/aserg/gtf/truckfactor/GreedyTruckFactor.java
9d317bd2c949bf10bbd05addd020e102832c2625;ADDED; ;gittruckfactor/src/aserg/gtf/util/ConfigInfo.java
fce70bd4e54cd0f15164c3bc7ef0299d90f9fdc7;MODIFIED; ;gittruckfactor/pom.xml
fce70bd4e54cd0f15164c3bc7ef0299d90f9fdc7;MODIFIED; ;gittruckfactor/repo_info/alias.txt
fce70bd4e54cd0f15164c3bc7ef0299d90f9fdc7;MODIFIED; ;gittruckfactor/repo_info/filtered-files.txt
fce70bd4e54cd0f15164c3bc7ef0299d90f9fdc7;MODIFIED; ;gittruckfactor/src/aserg/gtf/GitTruckFactor.java
fce70bd4e54cd0f15164c3bc7ef0299d90f9fdc7;MODIFIED; ;gittruckfactor/src/aserg/gtf/GitTruckFactorRepList.java
fce70bd4e54cd0f15164c3bc7ef0299d90f9fdc7;MODIFIED; ;gittruckfactor/src/aserg/gtf/dao/CommitFileDAO.java
fce70bd4e54cd0f15164c3bc7ef0299d90f9fdc7;MODIFIED; ;gittruckfactor/src/aserg/gtf/util/Alias.java
0a3cf363514965258562c6490032698f9ece62c3;MODIFIED; ;gittruckfactor/scripts/commit_log_script.sh
84e7fe60af55d895384ce11475f7f74688b2cdf7;MODIFIED; ;gittruckfactor/src/aserg/gtf/GitTruckFactor.java
84e7fe60af55d895384ce11475f7f74688b2cdf7;MODIFIED; ;gittruckfactor/src/aserg/gtf/GitTruckFactorRepList.java
84e7fe60af55d895384ce11475f7f74688b2cdf7;MODIFIED; ;gittruckfactor/src/aserg/gtf/dao/authorship/AuthorshipInfoDAO.java
84e7fe60af55d895384ce11475f7f74688b2cdf7;MODIFIED; ;gittruckfactor/src/aserg/gtf/dao/authorship/DeveloperAuthorshipInfoDAO.java
84e7fe60af55d895384ce11475f7f74688b2cdf7;MODIFIED; ;gittruckfactor/src/aserg/gtf/dao/authorship/DeveloperDAO.java
84e7fe60af55d895384ce11475f7f74688b2cdf7;MODIFIED; ;gittruckfactor/src/aserg/gtf/dao/authorship/FileDAO.java
84e7fe60af55d895384ce11475f7f74688b2cdf7;MODIFIED; ;gittruckfactor/src/aserg/gtf/dao/authorship/RepositoryDAO.java
84e7fe60af55d895384ce11475f7f74688b2cdf7;MODIFIED; ;gittruckfactor/src/aserg/gtf/model/AbstractEntity.java
84e7fe60af55d895384ce11475f7f74688b2cdf7;MODIFIED; ;gittruckfactor/src/aserg/gtf/model/CommitFileInfo.java
84e7fe60af55d895384ce11475f7f74688b2cdf7;MODIFIED; ;gittruckfactor/src/aserg/gtf/model/FileType.java
84e7fe60af55d895384ce11475f7f74688b2cdf7;MODIFIED; ;gittruckfactor/src/aserg/gtf/model/GitRepository.java
84e7fe60af55d895384ce11475f7f74688b2cdf7;MODIFIED; ;gittruckfactor/src/aserg/gtf/model/LanguageInfo.java
84e7fe60af55d895384ce11475f7f74688b2cdf7;MODIFIED; ;gittruckfactor/src/aserg/gtf/model/LogCommitFileInfo.java
84e7fe60af55d895384ce11475f7f74688b2cdf7;MODIFIED; ;gittruckfactor/src/aserg/gtf/model/LogCommitInfo.java
84e7fe60af55d895384ce11475f7f74688b2cdf7;MODIFIED; ;gittruckfactor/src/aserg/gtf/model/ProjectInfo.java
84e7fe60af55d895384ce11475f7f74688b2cdf7;MODIFIED; ;gittruckfactor/src/aserg/gtf/model/authorship/AuthorshipInfo.java
84e7fe60af55d895384ce11475f7f74688b2cdf7;MODIFIED; ;gittruckfactor/src/aserg/gtf/model/authorship/Developer.java
84e7fe60af55d895384ce11475f7f74688b2cdf7;MODIFIED; ;gittruckfactor/src/aserg/gtf/model/authorship/File.java
84e7fe60af55d895384ce11475f7f74688b2cdf7;MODIFIED; ;gittruckfactor/src/aserg/gtf/task/AbstractTask.java
84e7fe60af55d895384ce11475f7f74688b2cdf7;MODIFIED; ;gittruckfactor/src/aserg/gtf/task/AliasHandler.java
84e7fe60af55d895384ce11475f7f74688b2cdf7;MODIFIED; ;gittruckfactor/src/aserg/gtf/task/NewAliasHandler.java
84e7fe60af55d895384ce11475f7f74688b2cdf7;MODIFIED; ;gittruckfactor/src/aserg/gtf/task/extractor/FileInfoExtractor.java
84e7fe60af55d895384ce11475f7f74688b2cdf7;MODIFIED; ;gittruckfactor/src/aserg/gtf/task/extractor/GitLogExtractor.java
84e7fe60af55d895384ce11475f7f74688b2cdf7;MODIFIED; ;gittruckfactor/src/aserg/gtf/task/extractor/LinguistExtractor.java
84e7fe60af55d895384ce11475f7f74688b2cdf7;MODIFIED; ;gittruckfactor/src/aserg/gtf/truckfactor/AvgTruckFactor.java
84e7fe60af55d895384ce11475f7f74688b2cdf7;MODIFIED; ;gittruckfactor/src/aserg/gtf/truckfactor/GreedyTruckFactor.java
84e7fe60af55d895384ce11475f7f74688b2cdf7;MODIFIED; ;gittruckfactor/src/aserg/gtf/truckfactor/TruckFactor.java
84e7fe60af55d895384ce11475f7f74688b2cdf7;MODIFIED; ;gittruckfactor/src/aserg/gtf/util/Alias.java
84e7fe60af55d895384ce11475f7f74688b2cdf7;MODIFIED; ;gittruckfactor/src/aserg/gtf/util/AliasesIdentifier.java
84e7fe60af55d895384ce11475f7f74688b2cdf7;MODIFIED; ;gittruckfactor/src/aserg/gtf/util/FileDirectory.java
84e7fe60af55d895384ce11475f7f74688b2cdf7;MODIFIED; ;gittruckfactor/src/aserg/gtf/util/FormatDoaDistribution.java
49753d3ed78e3d3c0c8416cf181dff62e9b8b708;MODIFIED; ;README.md
bae2ba8dfe7b3ab6603873dcbb476bec41b08e2b;MODIFIED; ;gittruckfactor/scripts/linguist_script.sh
bae2ba8dfe7b3ab6603873dcbb476bec41b08e2b;MODIFIED; ;gittruckfactor/src/aserg/gtf/GitTruckFactor.java
bae2ba8dfe7b3ab6603873dcbb476bec41b08e2b;MODIFIED; ;gittruckfactor/src/aserg/gtf/truckfactor/GreedyTruckFactor.java
bae2ba8dfe7b3ab6603873dcbb476bec41b08e2b;MODIFIED; ;gittruckfactor/src/aserg/gtf/util/FileInfoReader.java
2b41ea163e07a3618a821ba14b8459b44539268e;MODIFIED; ;gittruckfactor/repo_info/alias.txt
2b41ea163e07a3618a821ba14b8459b44539268e;MODIFIED; ;gittruckfactor/repo_info/filtered-files.txt
2b41ea163e07a3618a821ba14b8459b44539268e;MODIFIED; ;gittruckfactor/repo_info/modules.txt
2b41ea163e07a3618a821ba14b8459b44539268e;MODIFIED; ;gittruckfactor/src/aserg/gtf/task/DOACalculator.java
2b41ea163e07a3618a821ba14b8459b44539268e;MODIFIED; ;gittruckfactor/src/aserg/gtf/truckfactor/GreedyTruckFactor.java
d16035b7a16cf7a0d6d9af2bae60a69fb8d1bbe9;MODIFIED; ;gittruckfactor/.classpath
d16035b7a16cf7a0d6d9af2bae60a69fb8d1bbe9;MODIFIED; ;gittruckfactor/.settings/org.eclipse.jdt.core.prefs
d16035b7a16cf7a0d6d9af2bae60a69fb8d1bbe9;ADDED; ;gittruckfactor/.settings/org.eclipse.ltk.core.refactoring.prefs
d16035b7a16cf7a0d6d9af2bae60a69fb8d1bbe9;RENAMED;gittruckfactor/src/META-INF/log4j.xml;gittruckfactor/bin/META-INF/log4j.xml
d16035b7a16cf7a0d6d9af2bae60a69fb8d1bbe9;MODIFIED; ;gittruckfactor/repo_info/alias.txt
d16035b7a16cf7a0d6d9af2bae60a69fb8d1bbe9;MODIFIED; ;gittruckfactor/repo_info/filtered-files.txt
d16035b7a16cf7a0d6d9af2bae60a69fb8d1bbe9;MODIFIED; ;gittruckfactor/repo_info/modules.txt
d16035b7a16cf7a0d6d9af2bae60a69fb8d1bbe9;MODIFIED; ;gittruckfactor/src/aserg/gtf/task/DOACalculator.java
14ade0a674a6699857328e9b43c4bea7ea249678;MODIFIED; ;gittruckfactor/.classpath
14ade0a674a6699857328e9b43c4bea7ea249678;MODIFIED; ;gittruckfactor/.settings/org.eclipse.jdt.core.prefs
14ade0a674a6699857328e9b43c4bea7ea249678;MODIFIED; ;gittruckfactor/.settings/org.eclipse.wst.common.project.facet.core.xml
14ade0a674a6699857328e9b43c4bea7ea249678;RENAMED;gittruckfactor/src/log4j.xml;gittruckfactor/src/META-INF/log4j.xml
14ade0a674a6699857328e9b43c4bea7ea249678;MODIFIED; ;gittruckfactor/src/aserg/gtf/dao/LogCommitDAO.java
14ade0a674a6699857328e9b43c4bea7ea249678;MODIFIED; ;gittruckfactor/src/aserg/gtf/dao/LogCommitFileDAO.java
14ade0a674a6699857328e9b43c4bea7ea249678;MODIFIED; ;gittruckfactor/src/aserg/gtf/task/DOACalculator.java
8bfea4054e1a9003bcb55a35ac06b8effb6feecd;RENAMED;gittruckfactor/alias.txt;gittruckfactor/repo_info/alias.txt
8bfea4054e1a9003bcb55a35ac06b8effb6feecd;RENAMED;gittruckfactor/filtered-files.txt;gittruckfactor/repo_info/filtered-files.txt
8bfea4054e1a9003bcb55a35ac06b8effb6feecd;RENAMED;gittruckfactor/modules.txt;gittruckfactor/repo_info/modules.txt
8bfea4054e1a9003bcb55a35ac06b8effb6feecd;MODIFIED; ;gittruckfactor/src/aserg/gtf/GitTruckFactor.java
8bfea4054e1a9003bcb55a35ac06b8effb6feecd;MODIFIED; ;gittruckfactor/src/aserg/gtf/task/AbstractTask.java
8bfea4054e1a9003bcb55a35ac06b8effb6feecd;MODIFIED; ;gittruckfactor/src/aserg/gtf/task/extractor/FileInfoExtractor.java
8bfea4054e1a9003bcb55a35ac06b8effb6feecd;MODIFIED; ;gittruckfactor/src/aserg/gtf/task/extractor/GitLogExtractor.java
8bfea4054e1a9003bcb55a35ac06b8effb6feecd;MODIFIED; ;gittruckfactor/src/aserg/gtf/task/extractor/LinguistExtractor.java
b5c1cea4a5ac33e465c53b93c0b2b19276abb1dc;MODIFIED; ;gittruckfactor/src/aserg/gtf/GitTruckFactor.java
b5c1cea4a5ac33e465c53b93c0b2b19276abb1dc;MODIFIED; ;gittruckfactor/src/aserg/gtf/task/DOACalculator.java
b5c1cea4a5ac33e465c53b93c0b2b19276abb1dc;MODIFIED; ;gittruckfactor/src/aserg/gtf/task/extractor/GitLogExtractor.java
b5c1cea4a5ac33e465c53b93c0b2b19276abb1dc;MODIFIED; ;gittruckfactor/src/aserg/gtf/truckfactor/GreedyTruckFactor.java
96996deeeed379e008e5af6571ba141b325586ce;MODIFIED; ;gittruckfactor/.classpath
3d3cd587372ca8c27b80176288113d44f0ee73cf;ADDED; ;gittruckfactor/.gitignore
3d3cd587372ca8c27b80176288113d44f0ee73cf;MODIFIED; ;gittruckfactor/pom.xml
3d3cd587372ca8c27b80176288113d44f0ee73cf;MODIFIED; ;gittruckfactor/src/aserg/gtf/GitTruckFactor.java
3d3cd587372ca8c27b80176288113d44f0ee73cf;MODIFIED; ;gittruckfactor/src/aserg/gtf/task/DOACalculator.java
3d3cd587372ca8c27b80176288113d44f0ee73cf;MODIFIED; ;gittruckfactor/src/aserg/gtf/task/extractor/FileInfoExtractor.java
3d3cd587372ca8c27b80176288113d44f0ee73cf;MODIFIED; ;gittruckfactor/src/aserg/gtf/task/extractor/GitLogExtractor.java
3d3cd587372ca8c27b80176288113d44f0ee73cf;MODIFIED; ;gittruckfactor/src/log4j.xml
3d3cd587372ca8c27b80176288113d44f0ee73cf;MODIFIED; ;gittruckfactor/target/classes/log4j.xml
741544b1c717921365aa496b4d763a00943fd8cb;ADDED; ;gittruckfactor/.classpath
741544b1c717921365aa496b4d763a00943fd8cb;ADDED; ;gittruckfactor/.project
741544b1c717921365aa496b4d763a00943fd8cb;ADDED; ;gittruckfactor/.settings/org.eclipse.jdt.core.prefs
741544b1c717921365aa496b4d763a00943fd8cb;ADDED; ;gittruckfactor/.settings/org.eclipse.jpt.core.prefs
741544b1c717921365aa496b4d763a00943fd8cb;ADDED; ;gittruckfactor/.settings/org.eclipse.m2e.core.prefs
741544b1c717921365aa496b4d763a00943fd8cb;ADDED; ;gittruckfactor/.settings/org.eclipse.wst.common.project.facet.core.prefs.xml
741544b1c717921365aa496b4d763a00943fd8cb;ADDED; ;gittruckfactor/.settings/org.eclipse.wst.common.project.facet.core.xml
741544b1c717921365aa496b4d763a00943fd8cb;ADDED; ;gittruckfactor/alias.txt
741544b1c717921365aa496b4d763a00943fd8cb;ADDED; ;gittruckfactor/bin/META-INF/persistence.xml
741544b1c717921365aa496b4d763a00943fd8cb;ADDED; ;gittruckfactor/bin/log4j.xml
741544b1c717921365aa496b4d763a00943fd8cb;ADDED; ;gittruckfactor/filtered-files.txt
741544b1c717921365aa496b4d763a00943fd8cb;ADDED; ;gittruckfactor/libs/substance.jar
741544b1c717921365aa496b4d763a00943fd8cb;ADDED; ;gittruckfactor/libs/topicviewer.jar
741544b1c717921365aa496b4d763a00943fd8cb;ADDED; ;gittruckfactor/modules.txt
741544b1c717921365aa496b4d763a00943fd8cb;ADDED; ;gittruckfactor/notalias.txt
741544b1c717921365aa496b4d763a00943fd8cb;ADDED; ;gittruckfactor/patterns.txt
741544b1c717921365aa496b4d763a00943fd8cb;ADDED; ;gittruckfactor/pom.xml
741544b1c717921365aa496b4d763a00943fd8cb;ADDED; ;gittruckfactor/scripts/commit_log_script.sh
741544b1c717921365aa496b4d763a00943fd8cb;ADDED; ;gittruckfactor/scripts/linguist.rb
741544b1c717921365aa496b4d763a00943fd8cb;ADDED; ;gittruckfactor/scripts/linguist_script.sh
741544b1c717921365aa496b4d763a00943fd8cb;ADDED; ;gittruckfactor/scripts/log.awk
741544b1c717921365aa496b4d763a00943fd8cb;ADDED; ;gittruckfactor/src/META-INF/persistence.xml
741544b1c717921365aa496b4d763a00943fd8cb;ADDED; ;gittruckfactor/src/aserg/gtf/GitTruckFactor.java
741544b1c717921365aa496b4d763a00943fd8cb;ADDED; ;gittruckfactor/src/aserg/gtf/GitTruckFactorRepList.java
741544b1c717921365aa496b4d763a00943fd8cb;ADDED; ;gittruckfactor/src/aserg/gtf/dao/CommitFileDAO.java
741544b1c717921365aa496b4d763a00943fd8cb;ADDED; ;gittruckfactor/src/aserg/gtf/dao/CommitInfoDAO.java
741544b1c717921365aa496b4d763a00943fd8cb;ADDED; ;gittruckfactor/src/aserg/gtf/dao/GenericDAO.java
741544b1c717921365aa496b4d763a00943fd8cb;ADDED; ;gittruckfactor/src/aserg/gtf/dao/GitRepositoryDAO.java
741544b1c717921365aa496b4d763a00943fd8cb;ADDED; ;gittruckfactor/src/aserg/gtf/dao/LogCommitDAO.java
741544b1c717921365aa496b4d763a00943fd8cb;ADDED; ;gittruckfactor/src/aserg/gtf/dao/LogCommitFileDAO.java
741544b1c717921365aa496b4d763a00943fd8cb;ADDED; ;gittruckfactor/src/aserg/gtf/dao/NewFileInfoDAO.java
741544b1c717921365aa496b4d763a00943fd8cb;ADDED; ;gittruckfactor/src/aserg/gtf/dao/PersistThread.java
741544b1c717921365aa496b4d763a00943fd8cb;ADDED; ;gittruckfactor/src/aserg/gtf/dao/ProjectInfoDAO.java
741544b1c717921365aa496b4d763a00943fd8cb;ADDED; ;gittruckfactor/src/aserg/gtf/dao/authorship/AuthorshipInfoDAO.java
741544b1c717921365aa496b4d763a00943fd8cb;ADDED; ;gittruckfactor/src/aserg/gtf/dao/authorship/DeveloperAuthorshipInfoDAO.java
741544b1c717921365aa496b4d763a00943fd8cb;ADDED; ;gittruckfactor/src/aserg/gtf/dao/authorship/DeveloperDAO.java
741544b1c717921365aa496b4d763a00943fd8cb;ADDED; ;gittruckfactor/src/aserg/gtf/dao/authorship/FileDAO.java
741544b1c717921365aa496b4d763a00943fd8cb;ADDED; ;gittruckfactor/src/aserg/gtf/dao/authorship/RepositoryDAO.java
741544b1c717921365aa496b4d763a00943fd8cb;ADDED; ;gittruckfactor/src/aserg/gtf/model/AbstractEntity.java
741544b1c717921365aa496b4d763a00943fd8cb;ADDED; ;gittruckfactor/src/aserg/gtf/model/CommitFileInfo.java
741544b1c717921365aa496b4d763a00943fd8cb;ADDED; ;gittruckfactor/src/aserg/gtf/model/CommitInfo.java
741544b1c717921365aa496b4d763a00943fd8cb;ADDED; ;gittruckfactor/src/aserg/gtf/model/FileType.java
741544b1c717921365aa496b4d763a00943fd8cb;ADDED; ;gittruckfactor/src/aserg/gtf/model/GitRepository.java
741544b1c717921365aa496b4d763a00943fd8cb;ADDED; ;gittruckfactor/src/aserg/gtf/model/LanguageInfo.java
741544b1c717921365aa496b4d763a00943fd8cb;ADDED; ;gittruckfactor/src/aserg/gtf/model/LogCommitFileInfo.java
741544b1c717921365aa496b4d763a00943fd8cb;ADDED; ;gittruckfactor/src/aserg/gtf/model/LogCommitInfo.java
741544b1c717921365aa496b4d763a00943fd8cb;ADDED; ;gittruckfactor/src/aserg/gtf/model/NewFileInfo.java
741544b1c717921365aa496b4d763a00943fd8cb;ADDED; ;gittruckfactor/src/aserg/gtf/model/ProjectInfo.java
741544b1c717921365aa496b4d763a00943fd8cb;ADDED; ;gittruckfactor/src/aserg/gtf/model/ProjectStatus.java
741544b1c717921365aa496b4d763a00943fd8cb;ADDED; ;gittruckfactor/src/aserg/gtf/model/Status.java
741544b1c717921365aa496b4d763a00943fd8cb;ADDED; ;gittruckfactor/src/aserg/gtf/model/authorship/AuthorshipInfo.java
741544b1c717921365aa496b4d763a00943fd8cb;ADDED; ;gittruckfactor/src/aserg/gtf/model/authorship/DevStatus.java
741544b1c717921365aa496b4d763a00943fd8cb;ADDED; ;gittruckfactor/src/aserg/gtf/model/authorship/Developer.java
741544b1c717921365aa496b4d763a00943fd8cb;ADDED; ;gittruckfactor/src/aserg/gtf/model/authorship/DeveloperAuthorshipInfo.java
741544b1c717921365aa496b4d763a00943fd8cb;ADDED; ;gittruckfactor/src/aserg/gtf/model/authorship/File.java
741544b1c717921365aa496b4d763a00943fd8cb;ADDED; ;gittruckfactor/src/aserg/gtf/model/authorship/FileAuthors.java
741544b1c717921365aa496b4d763a00943fd8cb;ADDED; ;gittruckfactor/src/aserg/gtf/model/authorship/Repository.java
741544b1c717921365aa496b4d763a00943fd8cb;ADDED; ;gittruckfactor/src/aserg/gtf/model/authorship/RepositoryStatus.java
741544b1c717921365aa496b4d763a00943fd8cb;ADDED; ;gittruckfactor/src/aserg/gtf/task/AbstractTask.java
741544b1c717921365aa496b4d763a00943fd8cb;ADDED; ;gittruckfactor/src/aserg/gtf/task/AliasHandler.java
741544b1c717921365aa496b4d763a00943fd8cb;ADDED; ;gittruckfactor/src/aserg/gtf/task/DOACalculator.java
741544b1c717921365aa496b4d763a00943fd8cb;ADDED; ;gittruckfactor/src/aserg/gtf/task/NewAliasHandler.java
741544b1c717921365aa496b4d763a00943fd8cb;ADDED; ;gittruckfactor/src/aserg/gtf/task/extractor/FileInfoExtractor.java
741544b1c717921365aa496b4d763a00943fd8cb;ADDED; ;gittruckfactor/src/aserg/gtf/task/extractor/GitLogExtractor.java
741544b1c717921365aa496b4d763a00943fd8cb;ADDED; ;gittruckfactor/src/aserg/gtf/task/extractor/LinguistExtractor.java
741544b1c717921365aa496b4d763a00943fd8cb;ADDED; ;gittruckfactor/src/aserg/gtf/truckfactor/AvgTruckFactor.java
741544b1c717921365aa496b4d763a00943fd8cb;ADDED; ;gittruckfactor/src/aserg/gtf/truckfactor/GreedyTruckFactor.java
741544b1c717921365aa496b4d763a00943fd8cb;ADDED; ;gittruckfactor/src/aserg/gtf/truckfactor/TruckFactor.java
741544b1c717921365aa496b4d763a00943fd8cb;ADDED; ;gittruckfactor/src/aserg/gtf/util/Alias.java
741544b1c717921365aa496b4d763a00943fd8cb;ADDED; ;gittruckfactor/src/aserg/gtf/util/AliasesIdentifier.java
741544b1c717921365aa496b4d763a00943fd8cb;ADDED; ;gittruckfactor/src/aserg/gtf/util/CRLFLineReader.java
741544b1c717921365aa496b4d763a00943fd8cb;ADDED; ;gittruckfactor/src/aserg/gtf/util/Directory.java
741544b1c717921365aa496b4d763a00943fd8cb;ADDED; ;gittruckfactor/src/aserg/gtf/util/FileDirectory.java
741544b1c717921365aa496b4d763a00943fd8cb;ADDED; ;gittruckfactor/src/aserg/gtf/util/FileInfoReader.java
741544b1c717921365aa496b4d763a00943fd8cb;ADDED; ;gittruckfactor/src/aserg/gtf/util/FormatDoaDistribution.java
741544b1c717921365aa496b4d763a00943fd8cb;ADDED; ;gittruckfactor/src/aserg/gtf/util/LineInfo.java
741544b1c717921365aa496b4d763a00943fd8cb;ADDED; ;gittruckfactor/src/log4j.xml
741544b1c717921365aa496b4d763a00943fd8cb;ADDED; ;gittruckfactor/target/classes/.gitignore
741544b1c717921365aa496b4d763a00943fd8cb;ADDED; ;gittruckfactor/target/classes/META-INF/persistence.xml
741544b1c717921365aa496b4d763a00943fd8cb;ADDED; ;gittruckfactor/target/classes/log4j.xml
8b34f7e8cbae3bc9944b589b87eec05d3592327e;MODIFIED; ;README.md
ef561cffdba6e77c7c260829740a1d2ce000d5d9;ADDED; ;LICENSE
ef561cffdba6e77c7c260829740a1d2ce000d5d9;ADDED; ;README.md
