.classpath
.gitignore
.project
.settings/org.eclipse.jdt.core.prefs
.settings/org.eclipse.jpt.core.prefs
.settings/org.eclipse.ltk.core.refactoring.prefs
.settings/org.eclipse.m2e.core.prefs
.settings/org.eclipse.wst.common.project.facet.core.prefs.xml
.settings/org.eclipse.wst.common.project.facet.core.xml
bin/META-INF/log4j.xml
bin/META-INF/persistence.xml
config.properties
pom.xml
repo_info/alias.txt
repo_info/filtered-files.txt
repo_info/modules.txt
scripts/commit_log_script.sh
scripts/linguist.rb
scripts/linguist_script.sh
scripts/log.awk
src/META-INF/persistence.xml
src/aserg/gtf/GitTruckFactor.java
src/aserg/gtf/GitTruckFactorRepList.java
src/aserg/gtf/dao/CommitFileDAO.java
src/aserg/gtf/dao/CommitInfoDAO.java
src/aserg/gtf/dao/GenericDAO.java
src/aserg/gtf/dao/GitRepositoryDAO.java
src/aserg/gtf/dao/LogCommitDAO.java
src/aserg/gtf/dao/LogCommitFileDAO.java
src/aserg/gtf/dao/NewFileInfoDAO.java
src/aserg/gtf/dao/PersistThread.java
src/aserg/gtf/dao/ProjectInfoDAO.java
src/aserg/gtf/dao/authorship/AuthorshipInfoDAO.java
src/aserg/gtf/dao/authorship/DeveloperAuthorshipInfoDAO.java
src/aserg/gtf/dao/authorship/DeveloperDAO.java
src/aserg/gtf/dao/authorship/FileDAO.java
src/aserg/gtf/dao/authorship/RepositoryDAO.java
src/aserg/gtf/model/AbstractEntity.java
src/aserg/gtf/model/CommitFileInfo.java
src/aserg/gtf/model/CommitInfo.java
src/aserg/gtf/model/FileType.java
src/aserg/gtf/model/GitRepository.java
src/aserg/gtf/model/LanguageInfo.java
src/aserg/gtf/model/LogCommitFileInfo.java
src/aserg/gtf/model/LogCommitInfo.java
src/aserg/gtf/model/NewFileInfo.java
src/aserg/gtf/model/ProjectInfo.java
src/aserg/gtf/model/ProjectStatus.java
src/aserg/gtf/model/Status.java
src/aserg/gtf/model/authorship/AuthorshipInfo.java
src/aserg/gtf/model/authorship/DevStatus.java
src/aserg/gtf/model/authorship/Developer.java
src/aserg/gtf/model/authorship/DeveloperAuthorshipInfo.java
src/aserg/gtf/model/authorship/File.java
src/aserg/gtf/model/authorship/FileAuthors.java
src/aserg/gtf/model/authorship/Repository.java
src/aserg/gtf/model/authorship/RepositoryStatus.java
src/aserg/gtf/task/AbstractTask.java
src/aserg/gtf/task/AliasHandler.java
src/aserg/gtf/task/DOACalculator.java
src/aserg/gtf/task/NewAliasHandler.java
src/aserg/gtf/task/extractor/FileInfoExtractor.java
src/aserg/gtf/task/extractor/GitLogExtractor.java
src/aserg/gtf/task/extractor/LinguistExtractor.java
src/aserg/gtf/truckfactor/GreedyTruckFactor.java
src/aserg/gtf/truckfactor/PrunedGreedyTruckFactor.java
src/aserg/gtf/truckfactor/TFInfo.java
src/aserg/gtf/truckfactor/TruckFactor.java
src/aserg/gtf/util/Alias.java
src/aserg/gtf/util/AliasesIdentifier.java
src/aserg/gtf/util/CRLFLineReader.java
src/aserg/gtf/util/ConfigInfo.java
src/aserg/gtf/util/Directory.java
src/aserg/gtf/util/FileDirectory.java
src/aserg/gtf/util/FileInfoReader.java
src/aserg/gtf/util/FormatDoaDistribution.java
src/aserg/gtf/util/LineInfo.java
target/classes/META-INF/persistence.xml
